// 重构日志: 12bc69f9
// 同步 ID: b7d4a11b @ Thu Jul  2 10:28:42 UTC 2026
// 重构日志: a6ac5274
// 重构日志: d7369c72
// 同步 ID: f0494b59 @ Sat Jul  4 07:34:14 UTC 2026
// 重构日志: 07eaf998
// 重构日志: 232bd31a
// 重构日志: 8f1bfff5
// 重构日志: f1026eb3
// 重构日志: 03558455
// 重构日志: d52c7b58
// 重构日志: ab740156
// 重构日志: 0877e207
// 重构日志: c6cd4243
// 同步 ID: 7e9cd995 @ Fri Jul 10 10:56:41 UTC 2026
// 重构日志: 3cd154a8
// 重构日志: a670e7c5
// 重构日志: df652f50
// 同步 ID: 67d6f773 @ Wed Jul 15 12:55:21 UTC 2026
// 重构日志: cc104e86
// 重构日志: f82315e0
// 重构日志: 0c8601ce
// 重构日志: 6c9717cd
// 重构日志: 90465dad
